C51 COMPILER V9.56.0.0   MAIN                                                              06/08/2018 21:52:32 PAGE 1   


C51 COMPILER V9.56.0.0, COMPILATION OF MODULE MAIN
OBJECT MODULE PLACED IN .\Objects\main.obj
COMPILER INVOKED BY: C:\Keil_v5\C51\BIN\C51.EXE main.c OPTIMIZE(8,SPEED) BROWSE INCDIR(C:\Nordic Semiconductor\nRFgo SDK
                    - 2.3.0.10040\source_code\compiler\common;C:\Nordic Semiconductor\nRFgo SDK 2.3.0.10040\source_code\hal) DEBUG OBJECTEXTE
                    -ND PRINT(.\Listings\main.lst) TABS(2) OBJECT(.\Objects\main.obj)

line level    source

   1          #include<Nordic\reg24le1.h> // registradores
   2          #include<hal_delay.h> //Biblioteca para delay
   3          // Adicionar o caminho para:
   4          // C:\Nordic Semiconductor\nRFgo SDK 2.3.0.10040\source_code\hal
   5          
   6          void setup(){
   7   1        P0DIR = 0xFF; // Tudo entrada
   8   1        P1DIR = 0xFF; // Tudo entrada
   9   1        //Selecionar os pinos de saida
  10   1        // Setar o bit 4 do registrador P0DIR para 0
  11   1        // Ou seja  1111 1111 vai virar 1110 1111
  12   1        //P0DIR = 0xEF;
  13   1        P0DIR &= ~(1 << 4);
  14   1      }
  15          void loop(){
  16   1        P04 = 1; //Seta para nivel alto
  17   1        delay_ms(1000);
  18   1        P04 = 0; //Seta para nivel baixo
  19   1        delay_ms(1000);
  20   1      }
  21          void main(){
  22   1        //configurações
  23   1        setup();
  24   1        while(1){
  25   2          //Loop
  26   2          loop();
  27   2        }
  28   1      }


MODULE INFORMATION:   STATIC OVERLAYABLE
   CODE SIZE        =     36    ----
   CONSTANT SIZE    =   ----    ----
   XDATA SIZE       =   ----    ----
   PDATA SIZE       =   ----    ----
   DATA SIZE        =   ----    ----
   IDATA SIZE       =   ----    ----
   BIT SIZE         =   ----    ----
END OF MODULE INFORMATION.


C51 COMPILATION COMPLETE.  0 WARNING(S),  0 ERROR(S)
